<?xml version="1.0" encoding="UTF-8"?>
<testng-results ignored="4" total="8" passed="4" failed="0" skipped="0">
  <reporter-output>
  </reporter-output>
  <suite started-at="2023-12-21T23:02:35 GST" name="Default suite" finished-at="2023-12-21T23:02:40 GST" duration-ms="5366">
    <groups>
    </groups>
    <test started-at="2023-12-21T23:02:35 GST" name="Default test" finished-at="2023-12-21T23:02:40 GST" duration-ms="5366">
      <class name="Almosaferweb.Mycasess">
        <test-method is-config="true" signature="SetUp()[pri:0, instance:Almosaferweb.Mycasess@473b3b7a]" started-at="2023-12-21T23:02:35 GST" name="SetUp" finished-at="2023-12-21T23:02:40 GST" duration-ms="5150" status="PASS">
          <reporter-output>
          </reporter-output>
        </test-method> <!-- SetUp -->
        <test-method signature="CheckTheDepatureAndArriveDate()[pri:0, instance:Almosaferweb.Mycasess@473b3b7a]" started-at="2023-12-21T23:02:40 GST" name="CheckTheDepatureAndArriveDate" finished-at="2023-12-21T23:02:40 GST" duration-ms="93" status="PASS">
          <reporter-output>
          </reporter-output>
        </test-method> <!-- CheckTheDepatureAndArriveDate -->
        <test-method signature="CheckTheDefultLanguageEn()[pri:1, instance:Almosaferweb.Mycasess@473b3b7a]" started-at="2023-12-21T23:02:40 GST" name="CheckTheDefultLanguageEn" description="this is a happy scenrio" finished-at="2023-12-21T23:02:40 GST" duration-ms="42" status="PASS">
          <reporter-output>
          </reporter-output>
        </test-method> <!-- CheckTheDefultLanguageEn -->
        <test-method signature="CheckTheDefultLanguageAr()[pri:2, instance:Almosaferweb.Mycasess@473b3b7a]" started-at="2023-12-21T23:02:40 GST" name="CheckTheDefultLanguageAr" description="this is a sad scenrio" finished-at="2023-12-21T23:02:40 GST" duration-ms="25" status="PASS">
          <reporter-output>
          </reporter-output>
        </test-method> <!-- CheckTheDefultLanguageAr -->
        <test-method signature="checkTheCurrency()[pri:3, instance:Almosaferweb.Mycasess@473b3b7a]" started-at="2023-12-21T23:02:40 GST" name="checkTheCurrency" description="this is to check that currency is SAR" finished-at="2023-12-21T23:02:40 GST" duration-ms="26" status="PASS">
          <reporter-output>
          </reporter-output>
        </test-method> <!-- checkTheCurrency -->
        <test-method is-config="true" signature="myAfterTest()[pri:0, instance:Almosaferweb.Mycasess@473b3b7a]" started-at="2023-12-21T23:02:40 GST" name="myAfterTest" finished-at="2023-12-21T23:02:40 GST" duration-ms="0" status="FAIL">
          <exception class="java.lang.AssertionError">
            <message>
              <![CDATA[The following asserts failed:
this is to chek language expected [ar] but found [en]]]>
            </message>
            <full-stacktrace>
              <![CDATA[java.lang.AssertionError: The following asserts failed:
this is to chek language expected [ar] but found [en]
at org.testng.asserts.SoftAssert.assertAll(SoftAssert.java:47)
at org.testng.asserts.SoftAssert.assertAll(SoftAssert.java:31)
at Almosaferweb.Mycasess.myAfterTest(Mycasess.java:143)
at java.base/jdk.internal.reflect.NativeMethodAccessorImpl.invoke0(Native Method)
at java.base/jdk.internal.reflect.NativeMethodAccessorImpl.invoke(NativeMethodAccessorImpl.java:77)
at java.base/jdk.internal.reflect.DelegatingMethodAccessorImpl.invoke(DelegatingMethodAccessorImpl.java:43)
at java.base/java.lang.reflect.Method.invoke(Method.java:568)
at org.testng.internal.MethodInvocationHelper.invokeMethod(MethodInvocationHelper.java:133)
at org.testng.internal.MethodInvocationHelper.invokeMethodConsideringTimeout(MethodInvocationHelper.java:62)
at org.testng.internal.ConfigInvoker.invokeConfigurationMethod(ConfigInvoker.java:385)
at org.testng.internal.ConfigInvoker.invokeConfigurations(ConfigInvoker.java:321)
at org.testng.TestRunner.invokeTestConfigurations(TestRunner.java:637)
at org.testng.TestRunner.afterRun(TestRunner.java:877)
at org.testng.TestRunner.run(TestRunner.java:599)
at org.testng.SuiteRunner.runTest(SuiteRunner.java:377)
at org.testng.SuiteRunner.runSequentially(SuiteRunner.java:371)
at org.testng.SuiteRunner.privateRun(SuiteRunner.java:332)
at org.testng.SuiteRunner.run(SuiteRunner.java:276)
at org.testng.SuiteRunnerWorker.runSuite(SuiteRunnerWorker.java:53)
at org.testng.SuiteRunnerWorker.run(SuiteRunnerWorker.java:96)
at org.testng.TestNG.runSuitesSequentially(TestNG.java:1212)
at org.testng.TestNG.runSuitesLocally(TestNG.java:1134)
at org.testng.TestNG.runSuites(TestNG.java:1063)
at org.testng.TestNG.run(TestNG.java:1031)
at org.testng.remote.AbstractRemoteTestNG.run(AbstractRemoteTestNG.java:115)
at org.testng.remote.RemoteTestNG.initAndRun(RemoteTestNG.java:251)
at org.testng.remote.RemoteTestNG.main(RemoteTestNG.java:77)
]]>
            </full-stacktrace>
          </exception> <!-- java.lang.AssertionError -->
          <reporter-output>
          </reporter-output>
        </test-method> <!-- myAfterTest -->
      </class> <!-- Almosaferweb.Mycasess -->
    </test> <!-- Default test -->
  </suite> <!-- Default suite -->
</testng-results>
